<?xml version="1.0" encoding="UTF-8"?>
<!-- Generated by org.testng.reporters.JUnitXMLReporter -->
<testsuite hostname="WIN-81NG0PGA72A" ignored="0" name="Test" tests="2" failures="1" timestamp="24 May 2020 04:37:53 GMT" time="17.248" errors="0">
  <testcase name="RoleLinkClick" time="7.122" classname="com.toptal.script.ToptalScript"/>
  <testcase name="Registration" time="10.061" classname="com.toptal.script.ToptalScript">
    <failure type="org.openqa.selenium.ElementClickInterceptedException" message="element click intercepted: Element &amp;lt;input type=&amp;quot;submit&amp;quot; name=&amp;quot;commit&amp;quot; value=&amp;quot;Join Toptal&amp;quot; class=&amp;quot;button is-green_candy is-medium form-actions-submit no_flexbox-form_submit_button g-recaptcha&amp;quot; data-loader=&amp;quot;Please wait...&amp;quot; data-sitekey=&amp;quot;6LfgR1UUAAAAAJ8-zrjvTk18gKat-4CdBPSrUJoR&amp;quot; data-callback=&amp;quot;invisibleRecaptchaRemoteSubmit&amp;quot; data-disable-with=&amp;quot;Join Toptal&amp;quot; wrapper=&amp;quot;false&amp;quot; id=&amp;quot;save_new_talent_create_applicant&amp;quot;&amp;gt; is not clickable at point (756, 717). Other element would receive the click: &amp;lt;div class=&amp;quot;cookie_banner-message&amp;quot; data-role=&amp;quot;message&amp;quot;&amp;gt;...&amp;lt;/div&amp;gt;
  (Session info: chrome=81.0.4044.138)
Build info: version: &amp;apos;3.141.59&amp;apos;, revision: &amp;apos;e82be7d358&amp;apos;, time: &amp;apos;2018-11-14T08:25:48&amp;apos;
System info: host: &amp;apos;WIN-81NG0PGA72A&amp;apos;, ip: &amp;apos;172.16.12.128&amp;apos;, os.name: &amp;apos;Windows 7&amp;apos;, os.arch: &amp;apos;amd64&amp;apos;, os.version: &amp;apos;6.1&amp;apos;, java.version: &amp;apos;1.8.0_211&amp;apos;
Driver info: org.openqa.selenium.chrome.ChromeDriver
Capabilities {acceptInsecureCerts: false, browserName: chrome, browserVersion: 81.0.4044.138, chrome: {chromedriverVersion: 81.0.4044.138 (8c6c7ba89cc9..., userDataDir: C:\Users\P01242\AppData\Loc...}, goog:chromeOptions: {debuggerAddress: localhost:54712}, javascriptEnabled: true, networkConnectionEnabled: false, pageLoadStrategy: normal, platform: WINDOWS, platformName: WINDOWS, proxy: Proxy(), setWindowRect: true, strictFileInteractability: false, timeouts: {implicit: 0, pageLoad: 300000, script: 30000}, unhandledPromptBehavior: dismiss and notify, webauthn:virtualAuthenticators: true}
Session ID: 412dc801f9fe47af544bdf0559a5521d">
      <![CDATA[org.openqa.selenium.ElementClickInterceptedException: element click intercepted: Element <input type="submit" name="commit" value="Join Toptal" class="button is-green_candy is-medium form-actions-submit no_flexbox-form_submit_button g-recaptcha" data-loader="Please wait..." data-sitekey="6LfgR1UUAAAAAJ8-zrjvTk18gKat-4CdBPSrUJoR" data-callback="invisibleRecaptchaRemoteSubmit" data-disable-with="Join Toptal" wrapper="false" id="save_new_talent_create_applicant"> is not clickable at point (756, 717). Other element would receive the click: <div class="cookie_banner-message" data-role="message">...</div>
  (Session info: chrome=81.0.4044.138)
Build info: version: '3.141.59', revision: 'e82be7d358', time: '2018-11-14T08:25:48'
System info: host: 'WIN-81NG0PGA72A', ip: '172.16.12.128', os.name: 'Windows 7', os.arch: 'amd64', os.version: '6.1', java.version: '1.8.0_211'
Driver info: org.openqa.selenium.chrome.ChromeDriver
Capabilities {acceptInsecureCerts: false, browserName: chrome, browserVersion: 81.0.4044.138, chrome: {chromedriverVersion: 81.0.4044.138 (8c6c7ba89cc9..., userDataDir: C:\Users\P01242\AppData\Loc...}, goog:chromeOptions: {debuggerAddress: localhost:54712}, javascriptEnabled: true, networkConnectionEnabled: false, pageLoadStrategy: normal, platform: WINDOWS, platformName: WINDOWS, proxy: Proxy(), setWindowRect: true, strictFileInteractability: false, timeouts: {implicit: 0, pageLoad: 300000, script: 30000}, unhandledPromptBehavior: dismiss and notify, webauthn:virtualAuthenticators: true}
Session ID: 412dc801f9fe47af544bdf0559a5521d
at org.openqa.selenium.remote.http.W3CHttpResponseCodec.createException(W3CHttpResponseCodec.java:187)
at org.openqa.selenium.remote.http.W3CHttpResponseCodec.decode(W3CHttpResponseCodec.java:122)
at org.openqa.selenium.remote.http.W3CHttpResponseCodec.decode(W3CHttpResponseCodec.java:49)
at org.openqa.selenium.remote.HttpCommandExecutor.execute(HttpCommandExecutor.java:158)
at org.openqa.selenium.remote.service.DriverCommandExecutor.execute(DriverCommandExecutor.java:83)
at org.openqa.selenium.remote.RemoteWebDriver.execute(RemoteWebDriver.java:552)
at org.openqa.selenium.remote.RemoteWebElement.execute(RemoteWebElement.java:285)
at org.openqa.selenium.remote.RemoteWebElement.click(RemoteWebElement.java:84)
at org.openqa.selenium.support.pagefactory.internal.LocatingElementHandler.invoke(LocatingElementHandler.java:51)
at com.sun.proxy.$Proxy8.click(Unknown Source)
at com.toptal.pageobjects.ToptalFreelancerPageObjects.registration(ToptalFreelancerPageObjects.java:38)
at com.toptal.script.ToptalScript.Registration(ToptalScript.java:37)
... Removed 33 stack frames]]>
    </failure>
  </testcase> <!-- Registration -->
</testsuite> <!-- Test -->
